<?xml version="1.0" encoding="UTF-8"?>
<!-- Generated by org.testng.reporters.JUnitReportReporter -->
<testsuite hostname="TALAN-85GS7FK" failures="0" tests="5" name="parallel.ParallelRun" time="106.199" errors="0" timestamp="21 oct. 2022 14:08:36 GMT" skipped="0">
  <testcase classname="parallel.ParallelRun" name="runScenario" time="25.778"/>
  <testcase classname="parallel.ParallelRun" name="runScenario" time="26.485"/>
  <testcase classname="parallel.ParallelRun" name="runScenario" time="14.286"/>
  <testcase classname="parallel.ParallelRun" name="runScenario" time="13.314"/>
  <testcase classname="parallel.ParallelRun" name="runScenario" time="26.336"/>
</testsuite> <!-- parallel.ParallelRun -->
