<?xml version="1.0" encoding="UTF-8"?>
<!-- Generated by org.testng.reporters.JUnitReportReporter -->
<testsuite hostname="TALAN-85GS7FK" failures="0" tests="5" name="parallel.ParallelRun" time="105.697" errors="0" timestamp="26 oct. 2022 08:11:19 GMT" skipped="0">
  <testcase classname="parallel.ParallelRun" name="runScenario" time="16.113"/>
  <testcase classname="parallel.ParallelRun" name="runScenario" time="24.268"/>
  <testcase classname="parallel.ParallelRun" name="runScenario" time="24.739"/>
  <testcase classname="parallel.ParallelRun" name="runScenario" time="24.961"/>
  <testcase classname="parallel.ParallelRun" name="runScenario" time="15.616"/>
</testsuite> <!-- parallel.ParallelRun -->
