<?xml version="1.0" encoding="UTF-8"?>
<!-- Generated by org.testng.reporters.JUnitReportReporter -->
<testsuite hostname="TALAN-85GS7FK" failures="0" tests="5" name="parallel.ParallelRun" time="234.103" errors="0" timestamp="21 oct. 2022 10:02:57 GMT" skipped="0">
  <testcase classname="parallel.ParallelRun" name="runScenario" time="97.057"/>
  <testcase classname="parallel.ParallelRun" name="runScenario" time="33.839"/>
  <testcase classname="parallel.ParallelRun" name="runScenario" time="41.613"/>
  <testcase classname="parallel.ParallelRun" name="runScenario" time="29.217"/>
  <testcase classname="parallel.ParallelRun" name="runScenario" time="32.377"/>
</testsuite> <!-- parallel.ParallelRun -->
