<?xml version="1.0" encoding="UTF-8"?>
<!-- Generated by org.testng.reporters.JUnitReportReporter -->
<testsuite hostname="TALAN-85GS7FK" failures="0" tests="5" name="parallel.ParallelRun" time="107.923" errors="0" timestamp="25 oct. 2022 14:42:43 GMT" skipped="0">
  <testcase classname="parallel.ParallelRun" name="runScenario" time="13.541"/>
  <testcase classname="parallel.ParallelRun" name="runScenario" time="12.147"/>
  <testcase classname="parallel.ParallelRun" name="runScenario" time="27.128"/>
  <testcase classname="parallel.ParallelRun" name="runScenario" time="27.301"/>
  <testcase classname="parallel.ParallelRun" name="runScenario" time="27.806"/>
</testsuite> <!-- parallel.ParallelRun -->
