<?xml version="1.0" encoding="UTF-8"?>
<!-- Generated by org.testng.reporters.JUnitReportReporter -->
<testsuite hostname="TALAN-85GS7FK" failures="0" tests="5" name="parallel.ParallelRun" time="163.648" errors="0" timestamp="26 oct. 2022 08:53:01 GMT" skipped="0">
  <testcase classname="parallel.ParallelRun" name="runScenario" time="20.660"/>
  <testcase classname="parallel.ParallelRun" name="runScenario" time="22.783"/>
  <testcase classname="parallel.ParallelRun" name="runScenario" time="42.712"/>
  <testcase classname="parallel.ParallelRun" name="runScenario" time="42.548"/>
  <testcase classname="parallel.ParallelRun" name="runScenario" time="34.945"/>
</testsuite> <!-- parallel.ParallelRun -->
