<?xml version="1.0" encoding="UTF-8"?>
<!-- Generated by org.testng.reporters.JUnitReportReporter -->
<testsuite hostname="TALAN-85GS7FK" failures="0" tests="5" name="parallel.ParallelRun" time="76.487" errors="0" timestamp="2022-10-25T13:02:51 CEST" skipped="0">
  <testcase classname="parallel.ParallelRun" name="runScenario" time="18.782"/>
  <system-out/>
  <testcase classname="parallel.ParallelRun" name="runScenario" time="9.621"/>
  <system-out/>
  <testcase classname="parallel.ParallelRun" name="runScenario" time="18.806"/>
  <system-out/>
  <testcase classname="parallel.ParallelRun" name="runScenario" time="9.790"/>
  <system-out/>
  <testcase classname="parallel.ParallelRun" name="runScenario" time="19.488"/>
  <system-out/>
</testsuite> <!-- parallel.ParallelRun -->
