<?xml version="1.0" encoding="UTF-8"?>
<!-- Generated by org.testng.reporters.JUnitReportReporter -->
<testsuite hostname="TALAN-85GS7FK" failures="0" tests="5" name="parallel.ParallelRun" time="149.079" errors="0" timestamp="26 oct. 2022 08:21:36 GMT" skipped="0">
  <testcase classname="parallel.ParallelRun" name="runScenario" time="26.687"/>
  <testcase classname="parallel.ParallelRun" name="runScenario" time="37.513"/>
  <testcase classname="parallel.ParallelRun" name="runScenario" time="24.223"/>
  <testcase classname="parallel.ParallelRun" name="runScenario" time="30.522"/>
  <testcase classname="parallel.ParallelRun" name="runScenario" time="30.134"/>
</testsuite> <!-- parallel.ParallelRun -->
