<?xml version="1.0" encoding="UTF-8"?>
<!-- Generated by org.testng.reporters.JUnitReportReporter -->
<testsuite hostname="TALAN-85GS7FK" failures="0" tests="5" name="parallel.ParallelRun" time="127.930" errors="0" timestamp="26 oct. 2022 08:59:00 GMT" skipped="0">
  <testcase classname="parallel.ParallelRun" name="runScenario" time="14.619"/>
  <testcase classname="parallel.ParallelRun" name="runScenario" time="32.374"/>
  <testcase classname="parallel.ParallelRun" name="runScenario" time="32.114"/>
  <testcase classname="parallel.ParallelRun" name="runScenario" time="33.618"/>
  <testcase classname="parallel.ParallelRun" name="runScenario" time="15.205"/>
</testsuite> <!-- parallel.ParallelRun -->
